{"total": {"lines":{"total":1102,"covered":201,"skipped":0,"pct":18.23},"statements":{"total":1208,"covered":218,"skipped":0,"pct":18.04},"functions":{"total":144,"covered":30,"skipped":0,"pct":20.83},"branches":{"total":728,"covered":70,"skipped":0,"pct":9.61},"branchesTrue":{"total":0,"covered":0,"skipped":0,"pct":100}}
,"/Users/azt3k/dev/tmp/site-audit-seo/src/color.js": {"lines":{"total":0,"covered":0,"skipped":0,"pct":0},"functions":{"total":0,"covered":0,"skipped":0,"pct":0},"statements":{"total":0,"covered":0,"skipped":0,"pct":0},"branches":{"total":0,"covered":0,"skipped":0,"pct":0}}
,"/Users/azt3k/dev/tmp/site-audit-seo/src/config.js": {"lines":{"total":13,"covered":6,"skipped":0,"pct":46.15},"functions":{"total":1,"covered":0,"skipped":0,"pct":0},"statements":{"total":14,"covered":6,"skipped":0,"pct":42.85},"branches":{"total":12,"covered":6,"skipped":0,"pct":50}}
,"/Users/azt3k/dev/tmp/site-audit-seo/src/index.js": {"lines":{"total":28,"covered":0,"skipped":0,"pct":0},"functions":{"total":1,"covered":0,"skipped":0,"pct":0},"statements":{"total":32,"covered":0,"skipped":0,"pct":0},"branches":{"total":14,"covered":0,"skipped":0,"pct":0}}
,"/Users/azt3k/dev/tmp/site-audit-seo/src/program.js": {"lines":{"total":101,"covered":29,"skipped":0,"pct":28.71},"functions":{"total":9,"covered":2,"skipped":0,"pct":22.22},"statements":{"total":112,"covered":30,"skipped":0,"pct":26.78},"branches":{"total":129,"covered":8,"skipped":0,"pct":6.2}}
,"/Users/azt3k/dev/tmp/site-audit-seo/src/registry.js": {"lines":{"total":51,"covered":34,"skipped":0,"pct":66.66},"functions":{"total":8,"covered":5,"skipped":0,"pct":62.5},"statements":{"total":62,"covered":39,"skipped":0,"pct":62.9},"branches":{"total":35,"covered":13,"skipped":0,"pct":37.14}}
,"/Users/azt3k/dev/tmp/site-audit-seo/src/scrape-site.js": {"lines":{"total":461,"covered":9,"skipped":0,"pct":1.95},"functions":{"total":38,"covered":0,"skipped":0,"pct":0},"statements":{"total":511,"covered":9,"skipped":0,"pct":1.76},"branches":{"total":323,"covered":0,"skipped":0,"pct":0}}
,"/Users/azt3k/dev/tmp/site-audit-seo/src/server.js": {"lines":{"total":175,"covered":39,"skipped":0,"pct":22.28},"functions":{"total":31,"covered":4,"skipped":0,"pct":12.9},"statements":{"total":179,"covered":39,"skipped":0,"pct":21.78},"branches":{"total":61,"covered":6,"skipped":0,"pct":9.83}}
,"/Users/azt3k/dev/tmp/site-audit-seo/src/utils.js": {"lines":{"total":21,"covered":19,"skipped":0,"pct":90.47},"functions":{"total":3,"covered":3,"skipped":0,"pct":100},"statements":{"total":23,"covered":20,"skipped":0,"pct":86.95},"branches":{"total":13,"covered":11,"skipped":0,"pct":84.61}}
,"/Users/azt3k/dev/tmp/site-audit-seo/src/validate.js": {"lines":{"total":49,"covered":38,"skipped":0,"pct":77.55},"functions":{"total":25,"covered":13,"skipped":0,"pct":52},"statements":{"total":55,"covered":43,"skipped":0,"pct":78.18},"branches":{"total":15,"covered":12,"skipped":0,"pct":80}}
,"/Users/azt3k/dev/tmp/site-audit-seo/src/actions/copyJsonToReports.js": {"lines":{"total":8,"covered":1,"skipped":0,"pct":12.5},"functions":{"total":1,"covered":0,"skipped":0,"pct":0},"statements":{"total":8,"covered":1,"skipped":0,"pct":12.5},"branches":{"total":7,"covered":0,"skipped":0,"pct":0}}
,"/Users/azt3k/dev/tmp/site-audit-seo/src/actions/index.js": {"lines":{"total":0,"covered":0,"skipped":0,"pct":0},"functions":{"total":0,"covered":0,"skipped":0,"pct":0},"statements":{"total":0,"covered":0,"skipped":0,"pct":0},"branches":{"total":0,"covered":0,"skipped":0,"pct":0}}
,"/Users/azt3k/dev/tmp/site-audit-seo/src/actions/saveAsJson.js": {"lines":{"total":78,"covered":1,"skipped":0,"pct":1.28},"functions":{"total":10,"covered":0,"skipped":0,"pct":0},"statements":{"total":87,"covered":1,"skipped":0,"pct":1.14},"branches":{"total":50,"covered":0,"skipped":0,"pct":0}}
,"/Users/azt3k/dev/tmp/site-audit-seo/src/actions/startViewer.js": {"lines":{"total":24,"covered":0,"skipped":0,"pct":0},"functions":{"total":7,"covered":0,"skipped":0,"pct":0},"statements":{"total":24,"covered":0,"skipped":0,"pct":0},"branches":{"total":9,"covered":0,"skipped":0,"pct":0}}
,"/Users/azt3k/dev/tmp/site-audit-seo/src/actions/uploadJson.js": {"lines":{"total":29,"covered":0,"skipped":0,"pct":0},"functions":{"total":2,"covered":0,"skipped":0,"pct":0},"statements":{"total":30,"covered":0,"skipped":0,"pct":0},"branches":{"total":22,"covered":0,"skipped":0,"pct":0}}
,"/Users/azt3k/dev/tmp/site-audit-seo/src/plugins/site-audit-seo-export-influxdb/sendToInfluxDB.js": {"lines":{"total":35,"covered":0,"skipped":0,"pct":0},"functions":{"total":4,"covered":0,"skipped":0,"pct":0},"statements":{"total":36,"covered":0,"skipped":0,"pct":0},"branches":{"total":18,"covered":0,"skipped":0,"pct":0}}
,"/Users/azt3k/dev/tmp/site-audit-seo/src/presets/columns.js": {"lines":{"total":0,"covered":0,"skipped":0,"pct":0},"functions":{"total":0,"covered":0,"skipped":0,"pct":0},"statements":{"total":0,"covered":0,"skipped":0,"pct":0},"branches":{"total":0,"covered":0,"skipped":0,"pct":0}}
,"/Users/azt3k/dev/tmp/site-audit-seo/src/presets/fields-lighthouse-en.js": {"lines":{"total":1,"covered":1,"skipped":0,"pct":100},"functions":{"total":0,"covered":0,"skipped":0,"pct":100},"statements":{"total":1,"covered":1,"skipped":0,"pct":100},"branches":{"total":0,"covered":0,"skipped":0,"pct":100}}
,"/Users/azt3k/dev/tmp/site-audit-seo/src/presets/fields-lighthouse.js": {"lines":{"total":1,"covered":1,"skipped":0,"pct":100},"functions":{"total":0,"covered":0,"skipped":0,"pct":100},"statements":{"total":1,"covered":1,"skipped":0,"pct":100},"branches":{"total":0,"covered":0,"skipped":0,"pct":100}}
,"/Users/azt3k/dev/tmp/site-audit-seo/src/presets/fields.js": {"lines":{"total":27,"covered":23,"skipped":0,"pct":85.18},"functions":{"total":4,"covered":3,"skipped":0,"pct":75},"statements":{"total":33,"covered":28,"skipped":0,"pct":84.84},"branches":{"total":20,"covered":14,"skipped":0,"pct":70}}
,"/Users/azt3k/dev/tmp/site-audit-seo/src/presets/filters.js": {"lines":{"total":0,"covered":0,"skipped":0,"pct":0},"functions":{"total":0,"covered":0,"skipped":0,"pct":0},"statements":{"total":0,"covered":0,"skipped":0,"pct":0},"branches":{"total":0,"covered":0,"skipped":0,"pct":0}}
,"/Users/azt3k/dev/tmp/site-audit-seo/src/presets/scraperFields.js": {"lines":{"total":0,"covered":0,"skipped":0,"pct":0},"functions":{"total":0,"covered":0,"skipped":0,"pct":0},"statements":{"total":0,"covered":0,"skipped":0,"pct":0},"branches":{"total":0,"covered":0,"skipped":0,"pct":0}}
}
