TN:
SF:src/color.js
FNF:0
FNH:0
LF:0
LH:0
BRF:0
BRH:0
end_of_record
TN:
SF:src/config.js
FN:9,(anonymous_0)
FNF:1
FNH:0
FNDA:0,(anonymous_0)
DA:3,6
DA:5,6
DA:9,0
DA:12,6
DA:14,6
DA:19,6
DA:20,12
DA:21,0
DA:22,0
DA:23,0
DA:25,0
DA:28,0
DA:29,0
LF:13
LH:6
BRDA:6,0,0,0
BRDA:6,0,1,6
BRDA:7,1,0,0
BRDA:7,1,1,6
BRDA:9,2,0,0
BRDA:9,2,1,6
BRDA:10,3,0,6
BRDA:10,3,1,6
BRDA:20,4,0,0
BRDA:20,4,1,12
BRDA:25,5,0,0
BRDA:25,5,1,0
BRF:12
BRH:6
end_of_record
TN:
SF:src/index.js
FN:7,start
FNF:1
FNH:0
FNDA:0,start
DA:8,0
DA:9,0
DA:11,0
DA:12,0
DA:13,0
DA:14,0
DA:17,0
DA:21,0
DA:22,0
DA:23,0
DA:24,0
DA:26,0
DA:27,0
DA:28,0
DA:40,0
DA:42,0
DA:44,0
DA:45,0
DA:48,0
DA:50,0
DA:52,0
DA:55,0
DA:56,0
DA:57,0
DA:59,0
DA:61,0
DA:63,0
DA:67,0
LF:28
LH:0
BRDA:11,0,0,0
BRDA:11,0,1,0
BRDA:21,1,0,0
BRDA:21,1,1,0
BRDA:27,2,0,0
BRDA:27,2,1,0
BRDA:40,3,0,0
BRDA:40,3,1,0
BRDA:44,4,0,0
BRDA:44,4,1,0
BRDA:45,5,0,0
BRDA:45,5,1,0
BRDA:48,6,0,0
BRDA:48,6,1,0
BRF:14
BRH:0
end_of_record
TN:
SF:src/program.js
FN:28,(anonymous_0)
FN:39,(anonymous_1)
FN:48,getConfigVal
FN:72,createDirIfNotExists
FN:85,getDefaultLocale
FN:99,(anonymous_5)
FN:239,(anonymous_6)
FN:278,(anonymous_7)
FN:361,(anonymous_8)
FNF:9
FNH:2
FNDA:0,(anonymous_0)
FNDA:0,(anonymous_1)
FNDA:18,getConfigVal
FNDA:0,createDirIfNotExists
FNDA:1,getDefaultLocale
FNDA:0,(anonymous_5)
FNDA:0,(anonymous_6)
FNDA:0,(anonymous_7)
FNDA:0,(anonymous_8)
DA:4,1
DA:11,1
DA:12,1
DA:13,1
DA:15,1
DA:26,1
DA:28,1
DA:29,0
DA:39,1
DA:40,0
DA:41,0
DA:42,0
DA:44,0
DA:45,0
DA:49,18
DA:51,18
DA:52,1
DA:53,1
DA:54,1
DA:55,1
DA:56,1
DA:57,1
DA:58,1
DA:62,1
DA:63,1
DA:66,17
DA:67,1
DA:69,18
DA:73,0
DA:74,0
DA:75,0
DA:76,0
DA:79,0
DA:81,0
DA:86,1
DA:88,1
DA:95,1
DA:99,1
DA:101,0
DA:103,0
DA:104,0
DA:108,0
DA:111,0
DA:114,0
DA:116,0
DA:117,0
DA:118,0
DA:121,0
DA:122,0
DA:125,0
DA:126,0
DA:130,0
DA:131,0
DA:132,0
DA:133,0
DA:137,0
DA:138,0
DA:141,0
DA:142,0
DA:144,0
DA:145,0
DA:148,0
DA:149,0
DA:152,0
DA:153,0
DA:155,0
DA:157,0
DA:158,0
DA:159,0
DA:160,0
DA:165,0
DA:166,0
DA:167,0
DA:170,0
DA:171,0
DA:174,1
DA:239,1
DA:240,0
DA:275,0
DA:278,1
DA:279,0
DA:346,0
DA:347,0
DA:361,0
DA:362,0
DA:363,0
DA:374,0
DA:375,0
DA:384,0
DA:385,0
DA:395,0
DA:396,0
DA:415,0
DA:416,0
DA:417,0
DA:418,0
DA:419,0
DA:420,0
DA:421,0
DA:423,0
DA:424,0
LF:101
LH:29
BRDA:29,0,0,0
BRDA:29,0,1,0
BRDA:51,1,0,1
BRDA:51,1,1,17
BRDA:56,2,0,1
BRDA:56,2,1,0
BRDA:62,3,0,0
BRDA:62,3,1,1
BRDA:66,4,0,16
BRDA:66,4,1,1
BRDA:74,5,0,0
BRDA:74,5,1,0
BRDA:74,6,0,0
BRDA:74,6,1,0
BRDA:79,7,0,0
BRDA:79,7,1,0
BRDA:95,8,0,1
BRDA:95,8,1,1
BRDA:101,9,0,0
BRDA:101,9,1,0
BRDA:103,10,0,0
BRDA:103,10,1,0
BRDA:103,11,0,0
BRDA:103,11,1,0
BRDA:108,12,0,0
BRDA:108,12,1,0
BRDA:111,13,0,0
BRDA:111,13,1,0
BRDA:114,14,0,0
BRDA:114,14,1,0
BRDA:116,15,0,0
BRDA:116,15,1,0
BRDA:116,16,0,0
BRDA:116,16,1,0
BRDA:121,17,0,0
BRDA:121,17,1,0
BRDA:125,18,0,0
BRDA:125,18,1,0
BRDA:125,19,0,0
BRDA:125,19,1,0
BRDA:130,20,0,0
BRDA:130,20,1,0
BRDA:132,21,0,0
BRDA:132,21,1,0
BRDA:132,22,0,0
BRDA:132,22,1,0
BRDA:137,23,0,0
BRDA:137,23,1,0
BRDA:137,24,0,0
BRDA:137,24,1,0
BRDA:137,24,2,0
BRDA:141,25,0,0
BRDA:141,25,1,0
BRDA:144,26,0,0
BRDA:144,26,1,0
BRDA:148,27,0,0
BRDA:148,27,1,0
BRDA:152,28,0,0
BRDA:152,28,1,0
BRDA:153,29,0,0
BRDA:153,29,1,0
BRDA:157,30,0,0
BRDA:157,30,1,0
BRDA:166,31,0,0
BRDA:166,31,1,0
BRDA:166,32,0,0
BRDA:166,32,1,0
BRDA:289,33,0,0
BRDA:289,33,1,0
BRDA:289,34,0,0
BRDA:289,34,1,0
BRDA:292,35,0,0
BRDA:292,35,1,0
BRDA:296,36,0,0
BRDA:296,36,1,0
BRDA:297,37,0,0
BRDA:297,37,1,0
BRDA:316,38,0,0
BRDA:316,38,1,0
BRDA:317,39,0,0
BRDA:317,39,1,0
BRDA:321,40,0,0
BRDA:321,40,1,0
BRDA:322,41,0,0
BRDA:322,41,1,0
BRDA:331,42,0,0
BRDA:331,42,1,0
BRDA:332,43,0,0
BRDA:332,43,1,0
BRDA:346,44,0,0
BRDA:346,44,1,0
BRDA:350,45,0,0
BRDA:350,45,1,0
BRDA:351,46,0,0
BRDA:351,46,1,0
BRDA:355,47,0,0
BRDA:355,47,1,0
BRDA:356,48,0,0
BRDA:356,48,1,0
BRDA:362,49,0,0
BRDA:362,49,1,0
BRDA:374,50,0,0
BRDA:374,50,1,0
BRDA:384,51,0,0
BRDA:384,51,1,0
BRDA:395,52,0,0
BRDA:395,52,1,0
BRDA:399,53,0,0
BRDA:399,53,1,0
BRDA:400,54,0,0
BRDA:400,54,1,0
BRDA:404,55,0,0
BRDA:404,55,1,0
BRDA:405,56,0,0
BRDA:405,56,1,0
BRDA:409,57,0,0
BRDA:409,57,1,0
BRDA:410,58,0,0
BRDA:410,58,1,0
BRDA:419,59,0,0
BRDA:419,59,1,0
BRDA:421,60,0,0
BRDA:421,60,1,0
BRDA:421,61,0,0
BRDA:421,61,1,0
BRDA:424,62,0,0
BRDA:424,62,1,0
BRDA:424,63,0,0
BRDA:424,63,1,0
BRF:129
BRH:8
end_of_record
TN:
SF:src/registry.js
FN:9,load
FN:18,(anonymous_1)
FN:24,loadPluginsFromDir
FN:63,getModuleInfo
FN:72,getPlugins
FN:77,execPlugins
FN:88,(anonymous_6)
FN:89,(anonymous_7)
FNF:8
FNH:5
FNDA:7,load
FNDA:6,(anonymous_1)
FNDA:12,loadPluginsFromDir
FNDA:6,getModuleInfo
FNDA:6,getPlugins
FNDA:0,execPlugins
FNDA:0,(anonymous_6)
FNDA:0,(anonymous_7)
DA:4,7
DA:6,7
DA:7,7
DA:10,7
DA:13,6
DA:15,6
DA:17,6
DA:18,6
DA:21,6
DA:25,12
DA:27,6
DA:28,6
DA:30,6
DA:31,12
DA:32,12
DA:33,6
DA:35,6
DA:36,6
DA:37,6
DA:38,6
DA:40,6
DA:41,0
DA:42,0
DA:44,6
DA:49,6
DA:50,6
DA:55,6
DA:56,6
DA:60,6
DA:64,6
DA:65,6
DA:67,6
DA:68,6
DA:69,6
DA:73,6
DA:74,6
DA:78,0
DA:79,0
DA:80,0
DA:81,0
DA:82,0
DA:86,0
DA:87,0
DA:88,0
DA:89,0
DA:100,0
DA:105,0
DA:109,0
DA:110,0
DA:111,0
DA:113,0
LF:51
LH:34
BRDA:10,0,0,1
BRDA:10,0,1,6
BRDA:17,1,0,6
BRDA:17,1,1,0
BRDA:25,2,0,6
BRDA:25,2,1,6
BRDA:32,3,0,6
BRDA:32,3,1,6
BRDA:35,4,0,6
BRDA:35,4,1,0
BRDA:37,5,0,0
BRDA:37,5,1,6
BRDA:40,6,0,0
BRDA:40,6,1,6
BRDA:49,7,0,6
BRDA:49,7,1,0
BRDA:65,8,0,0
BRDA:65,8,1,6
BRDA:68,9,0,0
BRDA:68,9,1,6
BRDA:77,10,0,0
BRDA:79,11,0,0
BRDA:79,11,1,0
BRDA:81,12,0,0
BRDA:81,12,1,0
BRDA:86,13,0,0
BRDA:86,13,1,0
BRDA:86,14,0,0
BRDA:86,14,1,0
BRDA:100,15,0,0
BRDA:100,15,1,0
BRDA:109,16,0,0
BRDA:109,16,1,0
BRDA:109,17,0,0
BRDA:109,17,1,0
BRF:35
BRH:13
end_of_record
TN:
SF:src/scrape-site.js
FN:43,sendDisconnected
FN:52,socketSend
FN:66,scrapeSite
FN:70,(anonymous_3)
FN:82,(anonymous_4)
FN:100,(anonymous_5)
FN:105,(anonymous_6)
FN:129,(anonymous_7)
FN:161,getScreenshotPath
FN:164,getScreenshotUrl
FN:182,(anonymous_10)
FN:191,(anonymous_11)
FN:258,(anonymous_12)
FN:277,(anonymous_13)
FN:342,(anonymous_14)
FN:380,(anonymous_15)
FN:389,(anonymous_16)
FN:395,(anonymous_17)
FN:399,(anonymous_18)
FN:405,(anonymous_19)
FN:415,(anonymous_20)
FN:429,(anonymous_21)
FN:444,(anonymous_22)
FN:489,(anonymous_23)
FN:493,(anonymous_24)
FN:522,(anonymous_25)
FN:527,(anonymous_26)
FN:823,(anonymous_27)
FN:866,(anonymous_28)
FN:899,(anonymous_29)
FN:972,(anonymous_30)
FN:989,(anonymous_31)
FN:992,(anonymous_32)
FN:997,(anonymous_33)
FN:1000,(anonymous_34)
FN:1027,(anonymous_35)
FN:1040,(anonymous_36)
FN:1113,(anonymous_37)
FNF:38
FNH:0
FNDA:0,sendDisconnected
FNDA:0,socketSend
FNDA:0,scrapeSite
FNDA:0,(anonymous_3)
FNDA:0,(anonymous_4)
FNDA:0,(anonymous_5)
FNDA:0,(anonymous_6)
FNDA:0,(anonymous_7)
FNDA:0,getScreenshotPath
FNDA:0,getScreenshotUrl
FNDA:0,(anonymous_10)
FNDA:0,(anonymous_11)
FNDA:0,(anonymous_12)
FNDA:0,(anonymous_13)
FNDA:0,(anonymous_14)
FNDA:0,(anonymous_15)
FNDA:0,(anonymous_16)
FNDA:0,(anonymous_17)
FNDA:0,(anonymous_18)
FNDA:0,(anonymous_19)
FNDA:0,(anonymous_20)
FNDA:0,(anonymous_21)
FNDA:0,(anonymous_22)
FNDA:0,(anonymous_23)
FNDA:0,(anonymous_24)
FNDA:0,(anonymous_25)
FNDA:0,(anonymous_26)
FNDA:0,(anonymous_27)
FNDA:0,(anonymous_28)
FNDA:0,(anonymous_29)
FNDA:0,(anonymous_30)
FNDA:0,(anonymous_31)
FNDA:0,(anonymous_32)
FNDA:0,(anonymous_33)
FNDA:0,(anonymous_34)
FNDA:0,(anonymous_35)
FNDA:0,(anonymous_36)
FNDA:0,(anonymous_37)
DA:2,1
DA:27,1
DA:30,1
DA:31,1
DA:32,1
DA:35,1
DA:36,1
DA:38,1
DA:40,1
DA:44,0
DA:45,0
DA:46,0
DA:47,0
DA:48,0
DA:53,0
DA:54,0
DA:57,0
DA:58,0
DA:59,0
DA:61,0
DA:67,0
DA:68,0
DA:70,0
DA:71,0
DA:72,0
DA:73,0
DA:74,0
DA:75,0
DA:77,0
DA:82,0
DA:83,0
DA:84,0
DA:90,0
DA:91,0
DA:92,0
DA:95,0
DA:96,0
DA:97,0
DA:100,0
DA:101,0
DA:104,0
DA:105,0
DA:106,0
DA:107,0
DA:110,0
DA:111,0
DA:112,0
DA:113,0
DA:115,0
DA:118,0
DA:119,0
DA:120,0
DA:121,0
DA:122,0
DA:124,0
DA:126,0
DA:129,0
DA:130,0
DA:131,0
DA:134,0
DA:135,0
DA:136,0
DA:138,0
DA:139,0
DA:140,0
DA:141,0
DA:142,0
DA:143,0
DA:150,0
DA:151,0
DA:152,0
DA:154,0
DA:156,0
DA:157,0
DA:158,0
DA:159,0
DA:162,0
DA:166,0
DA:172,0
DA:174,0
DA:175,0
DA:178,0
DA:181,0
DA:182,0
DA:183,0
DA:184,0
DA:189,0
DA:191,0
DA:192,0
DA:196,0
DA:197,0
DA:198,0
DA:199,0
DA:205,0
DA:206,0
DA:210,0
DA:211,0
DA:212,0
DA:213,0
DA:215,0
DA:216,0
DA:217,0
DA:219,0
DA:226,0
DA:227,0
DA:233,0
DA:234,0
DA:235,0
DA:236,0
DA:239,0
DA:245,0
DA:248,0
DA:260,0
DA:261,0
DA:262,0
DA:263,0
DA:264,0
DA:265,0
DA:266,0
DA:267,0
DA:268,0
DA:272,0
DA:278,0
DA:279,0
DA:280,0
DA:283,0
DA:284,0
DA:286,0
DA:287,0
DA:288,0
DA:289,0
DA:292,0
DA:293,0
DA:295,0
DA:342,0
DA:348,0
DA:349,0
DA:350,0
DA:351,0
DA:352,0
DA:353,0
DA:357,0
DA:358,0
DA:359,0
DA:361,0
DA:367,0
DA:368,0
DA:369,0
DA:372,0
DA:374,0
DA:381,0
DA:383,0
DA:384,0
DA:385,0
DA:391,0
DA:392,0
DA:395,0
DA:396,0
DA:399,0
DA:400,0
DA:403,0
DA:405,0
DA:407,0
DA:408,0
DA:415,0
DA:417,0
DA:420,0
DA:423,0
DA:424,0
DA:425,0
DA:428,0
DA:429,0
DA:430,0
DA:432,0
DA:433,0
DA:434,0
DA:435,0
DA:436,0
DA:437,0
DA:438,0
DA:440,0
DA:444,0
DA:446,0
DA:452,0
DA:455,0
DA:458,0
DA:461,0
DA:462,0
DA:466,0
DA:467,0
DA:468,0
DA:481,0
DA:482,0
DA:488,0
DA:489,0
DA:490,0
DA:491,0
DA:492,0
DA:493,0
DA:494,0
DA:521,0
DA:522,0
DA:523,0
DA:524,0
DA:527,0
DA:529,0
DA:549,0
DA:550,0
DA:551,0
DA:552,0
DA:554,0
DA:555,0
DA:556,0
DA:557,0
DA:558,0
DA:559,0
DA:563,0
DA:564,0
DA:582,0
DA:583,0
DA:585,0
DA:593,0
DA:600,0
DA:606,0
DA:607,0
DA:608,0
DA:612,0
DA:613,0
DA:616,0
DA:619,0
DA:621,0
DA:622,0
DA:624,0
DA:625,0
DA:627,0
DA:630,0
DA:631,0
DA:632,0
DA:633,0
DA:638,0
DA:645,0
DA:646,0
DA:648,0
DA:655,0
DA:660,0
DA:661,0
DA:664,0
DA:666,0
DA:667,0
DA:669,0
DA:670,0
DA:676,0
DA:677,0
DA:678,0
DA:680,0
DA:682,0
DA:686,0
DA:687,0
DA:688,0
DA:689,0
DA:690,0
DA:691,0
DA:692,0
DA:694,0
DA:699,0
DA:700,0
DA:703,0
DA:704,0
DA:706,0
DA:708,0
DA:710,0
DA:711,0
DA:728,0
DA:729,0
DA:730,0
DA:731,0
DA:732,0
DA:734,0
DA:735,0
DA:736,0
DA:738,0
DA:739,0
DA:740,0
DA:741,0
DA:743,0
DA:744,0
DA:745,0
DA:747,0
DA:748,0
DA:749,0
DA:751,0
DA:752,0
DA:754,0
DA:755,0
DA:757,0
DA:758,0
DA:760,0
DA:763,0
DA:764,0
DA:768,0
DA:769,0
DA:774,0
DA:775,0
DA:776,0
DA:778,0
DA:780,0
DA:781,0
DA:790,0
DA:795,0
DA:796,0
DA:797,0
DA:798,0
DA:800,0
DA:802,0
DA:804,0
DA:810,0
DA:814,0
DA:815,0
DA:816,0
DA:819,0
DA:821,0
DA:823,0
DA:824,0
DA:825,0
DA:826,0
DA:827,0
DA:828,0
DA:829,0
DA:830,0
DA:843,0
DA:846,0
DA:847,0
DA:848,0
DA:849,0
DA:851,0
DA:854,0
DA:855,0
DA:856,0
DA:857,0
DA:859,0
DA:863,0
DA:864,0
DA:866,0
DA:870,0
DA:877,0
DA:878,0
DA:879,0
DA:880,0
DA:881,0
DA:882,0
DA:883,0
DA:886,0
DA:887,0
DA:890,0
DA:892,0
DA:893,0
DA:894,0
DA:895,0
DA:899,0
DA:900,0
DA:913,0
DA:916,0
DA:920,0
DA:921,0
DA:925,0
DA:926,0
DA:931,0
DA:932,0
DA:933,0
DA:934,0
DA:937,0
DA:938,0
DA:940,0
DA:941,0
DA:943,0
DA:944,0
DA:948,0
DA:949,0
DA:950,0
DA:951,0
DA:952,0
DA:953,0
DA:958,0
DA:959,0
DA:961,0
DA:964,0
DA:965,0
DA:968,0
DA:969,0
DA:972,0
DA:974,0
DA:976,0
DA:978,0
DA:980,0
DA:981,0
DA:983,0
DA:986,0
DA:989,0
DA:990,0
DA:992,0
DA:993,0
DA:994,0
DA:997,0
DA:998,0
DA:1000,0
DA:1001,0
DA:1002,0
DA:1003,0
DA:1007,0
DA:1008,0
DA:1010,0
DA:1011,0
DA:1014,0
DA:1017,0
DA:1018,0
DA:1021,0
DA:1022,0
DA:1025,0
DA:1027,0
DA:1028,0
DA:1029,0
DA:1030,0
DA:1031,0
DA:1032,0
DA:1033,0
DA:1034,0
DA:1035,0
DA:1040,0
DA:1041,0
DA:1043,0
DA:1044,0
DA:1047,0
DA:1048,0
DA:1049,0
DA:1064,0
DA:1067,0
DA:1069,0
DA:1070,0
DA:1071,0
DA:1074,0
DA:1075,0
DA:1078,0
DA:1079,0
DA:1081,0
DA:1085,0
DA:1086,0
DA:1087,0
DA:1090,0
DA:1091,0
DA:1097,0
DA:1104,0
DA:1107,0
DA:1109,0
DA:1110,0
DA:1113,0
DA:1114,0
DA:1115,0
DA:1117,0
DA:1118,0
DA:1119,0
DA:1123,0
LF:461
LH:9
BRDA:44,0,0,0
BRDA:44,0,1,0
BRDA:53,1,0,0
BRDA:53,1,1,0
BRDA:54,2,0,0
BRDA:54,2,1,0
BRDA:57,3,0,0
BRDA:57,3,1,0
BRDA:66,4,0,0
BRDA:67,5,0,0
BRDA:67,5,1,0
BRDA:71,6,0,0
BRDA:71,6,1,0
BRDA:72,7,0,0
BRDA:72,7,1,0
BRDA:72,8,0,0
BRDA:72,8,1,0
BRDA:74,9,0,0
BRDA:74,9,1,0
BRDA:96,10,0,0
BRDA:96,10,1,0
BRDA:106,11,0,0
BRDA:106,11,1,0
BRDA:107,12,0,0
BRDA:107,12,1,0
BRDA:120,13,0,0
BRDA:120,13,1,0
BRDA:121,14,0,0
BRDA:121,14,1,0
BRDA:121,15,0,0
BRDA:121,15,1,0
BRDA:124,16,0,0
BRDA:124,16,1,0
BRDA:126,17,0,0
BRDA:126,17,1,0
BRDA:131,18,0,0
BRDA:131,18,1,0
BRDA:134,19,0,0
BRDA:134,19,1,0
BRDA:134,20,0,0
BRDA:134,20,1,0
BRDA:140,21,0,0
BRDA:140,21,1,0
BRDA:150,22,0,0
BRDA:150,22,1,0
BRDA:156,23,0,0
BRDA:156,23,1,0
BRDA:159,24,0,0
BRDA:159,24,1,0
BRDA:172,25,0,0
BRDA:172,25,1,0
BRDA:174,26,0,0
BRDA:174,26,1,0
BRDA:174,27,0,0
BRDA:174,27,1,0
BRDA:178,28,0,0
BRDA:178,28,1,0
BRDA:181,29,0,0
BRDA:181,29,1,0
BRDA:181,30,0,0
BRDA:181,30,1,0
BRDA:189,31,0,0
BRDA:189,31,1,0
BRDA:196,32,0,0
BRDA:196,32,1,0
BRDA:198,33,0,0
BRDA:198,33,1,0
BRDA:205,34,0,0
BRDA:205,34,1,0
BRDA:205,35,0,0
BRDA:205,35,1,0
BRDA:212,36,0,0
BRDA:212,36,1,0
BRDA:215,37,0,0
BRDA:215,37,1,0
BRDA:216,38,0,0
BRDA:216,38,1,0
BRDA:226,39,0,0
BRDA:226,39,1,0
BRDA:233,40,0,0
BRDA:233,40,1,0
BRDA:235,41,0,0
BRDA:235,41,1,0
BRDA:249,42,0,0
BRDA:249,42,1,0
BRDA:260,43,0,0
BRDA:260,43,1,0
BRDA:261,44,0,0
BRDA:261,44,1,0
BRDA:262,45,0,0
BRDA:262,45,1,0
BRDA:263,46,0,0
BRDA:263,46,1,0
BRDA:264,47,0,0
BRDA:264,47,1,0
BRDA:265,48,0,0
BRDA:265,48,1,0
BRDA:266,49,0,0
BRDA:266,49,1,0
BRDA:267,50,0,0
BRDA:267,50,1,0
BRDA:268,51,0,0
BRDA:268,51,1,0
BRDA:272,52,0,0
BRDA:272,52,1,0
BRDA:289,53,0,0
BRDA:289,53,1,0
BRDA:290,54,0,0
BRDA:290,54,1,0
BRDA:290,55,0,0
BRDA:290,55,1,0
BRDA:329,56,0,0
BRDA:329,56,1,0
BRDA:329,56,2,0
BRDA:349,57,0,0
BRDA:349,57,1,0
BRDA:350,58,0,0
BRDA:350,58,1,0
BRDA:352,59,0,0
BRDA:352,59,1,0
BRDA:367,60,0,0
BRDA:367,60,1,0
BRDA:367,61,0,0
BRDA:367,61,1,0
BRDA:368,62,0,0
BRDA:368,62,1,0
BRDA:381,63,0,0
BRDA:381,63,1,0
BRDA:383,64,0,0
BRDA:383,64,1,0
BRDA:383,65,0,0
BRDA:383,65,1,0
BRDA:407,66,0,0
BRDA:407,66,1,0
BRDA:420,67,0,0
BRDA:420,67,1,0
BRDA:420,68,0,0
BRDA:420,68,1,0
BRDA:420,68,2,0
BRDA:430,69,0,0
BRDA:430,69,1,0
BRDA:433,70,0,0
BRDA:433,70,1,0
BRDA:433,71,0,0
BRDA:433,71,1,0
BRDA:435,72,0,0
BRDA:435,72,1,0
BRDA:435,73,0,0
BRDA:435,73,1,0
BRDA:437,74,0,0
BRDA:437,74,1,0
BRDA:437,75,0,0
BRDA:437,75,1,0
BRDA:446,76,0,0
BRDA:446,76,1,0
BRDA:446,77,0,0
BRDA:446,77,1,0
BRDA:446,77,2,0
BRDA:446,77,3,0
BRDA:446,77,4,0
BRDA:455,78,0,0
BRDA:455,78,1,0
BRDA:462,79,0,0
BRDA:462,79,1,0
BRDA:466,80,0,0
BRDA:466,80,1,0
BRDA:474,81,0,0
BRDA:474,81,1,0
BRDA:491,82,0,0
BRDA:491,82,1,0
BRDA:492,83,0,0
BRDA:492,83,1,0
BRDA:521,84,0,0
BRDA:521,84,1,0
BRDA:523,85,0,0
BRDA:523,85,1,0
BRDA:539,86,0,0
BRDA:539,86,1,0
BRDA:554,87,0,0
BRDA:554,87,1,0
BRDA:557,88,0,0
BRDA:557,88,1,0
BRDA:557,89,0,0
BRDA:557,89,1,0
BRDA:563,90,0,0
BRDA:563,90,1,0
BRDA:607,91,0,0
BRDA:607,91,1,0
BRDA:613,92,0,0
BRDA:613,92,1,0
BRDA:624,93,0,0
BRDA:624,93,1,0
BRDA:630,94,0,0
BRDA:630,94,1,0
BRDA:632,95,0,0
BRDA:632,95,1,0
BRDA:645,96,0,0
BRDA:645,96,1,0
BRDA:660,97,0,0
BRDA:660,97,1,0
BRDA:664,98,0,0
BRDA:664,98,1,0
BRDA:667,99,0,0
BRDA:667,99,1,0
BRDA:676,100,0,0
BRDA:676,100,1,0
BRDA:678,101,0,0
BRDA:678,101,1,0
BRDA:682,102,0,0
BRDA:682,102,1,0
BRDA:686,103,0,0
BRDA:686,103,1,0
BRDA:694,104,0,0
BRDA:694,104,1,0
BRDA:704,105,0,0
BRDA:704,105,1,0
BRDA:704,106,0,0
BRDA:704,106,1,0
BRDA:710,107,0,0
BRDA:710,107,1,0
BRDA:730,108,0,0
BRDA:730,108,1,0
BRDA:734,109,0,0
BRDA:734,109,1,0
BRDA:738,110,0,0
BRDA:738,110,1,0
BRDA:743,111,0,0
BRDA:743,111,1,0
BRDA:747,112,0,0
BRDA:747,112,1,0
BRDA:751,113,0,0
BRDA:751,113,1,0
BRDA:754,114,0,0
BRDA:754,114,1,0
BRDA:754,115,0,0
BRDA:754,115,1,0
BRDA:757,116,0,0
BRDA:757,116,1,0
BRDA:760,117,0,0
BRDA:760,117,1,0
BRDA:768,118,0,0
BRDA:768,118,1,0
BRDA:768,119,0,0
BRDA:768,119,1,0
BRDA:769,120,0,0
BRDA:769,120,1,0
BRDA:774,121,0,0
BRDA:774,121,1,0
BRDA:795,122,0,0
BRDA:795,122,1,0
BRDA:796,123,0,0
BRDA:796,123,1,0
BRDA:797,124,0,0
BRDA:797,124,1,0
BRDA:798,125,0,0
BRDA:798,125,1,0
BRDA:802,126,0,0
BRDA:802,126,1,0
BRDA:802,127,0,0
BRDA:802,127,1,0
BRDA:815,128,0,0
BRDA:815,128,1,0
BRDA:816,129,0,0
BRDA:816,129,1,0
BRDA:824,130,0,0
BRDA:824,130,1,0
BRDA:870,131,0,0
BRDA:870,131,1,0
BRDA:877,132,0,0
BRDA:877,132,1,0
BRDA:878,133,0,0
BRDA:878,133,1,0
BRDA:890,134,0,0
BRDA:890,134,1,0
BRDA:892,135,0,0
BRDA:892,135,1,0
BRDA:908,136,0,0
BRDA:908,136,1,0
BRDA:931,137,0,0
BRDA:931,137,1,0
BRDA:941,138,0,0
BRDA:941,138,1,0
BRDA:941,139,0,0
BRDA:941,139,1,0
BRDA:941,139,2,0
BRDA:948,140,0,0
BRDA:948,140,1,0
BRDA:949,141,0,0
BRDA:949,141,1,0
BRDA:968,142,0,0
BRDA:968,142,1,0
BRDA:976,143,0,0
BRDA:976,143,1,0
BRDA:998,144,0,0
BRDA:998,144,1,0
BRDA:1001,145,0,0
BRDA:1001,145,1,0
BRDA:1007,146,0,0
BRDA:1007,146,1,0
BRDA:1029,147,0,0
BRDA:1029,147,1,0
BRDA:1043,148,0,0
BRDA:1043,148,1,0
BRDA:1047,149,0,0
BRDA:1047,149,1,0
BRDA:1064,150,0,0
BRDA:1064,150,1,0
BRDA:1069,151,0,0
BRDA:1069,151,1,0
BRDA:1070,152,0,0
BRDA:1070,152,1,0
BRDA:1074,153,0,0
BRDA:1074,153,1,0
BRDA:1081,154,0,0
BRDA:1081,154,1,0
BRDA:1085,155,0,0
BRDA:1085,155,1,0
BRDA:1093,156,0,0
BRDA:1093,156,1,0
BRDA:1104,157,0,0
BRDA:1104,157,1,0
BRDA:1107,158,0,0
BRDA:1107,158,1,0
BRF:323
BRH:0
end_of_record
TN:
SF:src/server.js
FN:39,(anonymous_0)
FN:59,(anonymous_1)
FN:79,onScan
FN:81,(anonymous_3)
FN:159,(anonymous_4)
FN:163,(anonymous_5)
FN:174,(anonymous_6)
FN:186,initQueue
FN:191,(anonymous_8)
FN:194,(anonymous_9)
FN:200,getKeyBySocketId
FN:207,serverState
FN:242,getServerLoadPercent
FN:248,sendStats
FN:252,onSocketConnection
FN:260,(anonymous_15)
FN:264,(anonymous_16)
FN:290,(anonymous_17)
FN:294,(anonymous_18)
FN:300,(anonymous_19)
FN:307,submitQueueEvents
FN:308,(anonymous_21)
FN:313,(anonymous_22)
FN:317,(anonymous_23)
FN:321,(anonymous_24)
FN:327,log
FN:335,socketSend
FN:343,initExpress
FN:345,(anonymous_28)
FN:359,(anonymous_29)
FN:364,(anonymous_30)
FNF:31
FNH:4
FNDA:0,(anonymous_0)
FNDA:1,(anonymous_1)
FNDA:0,onScan
FNDA:0,(anonymous_3)
FNDA:0,(anonymous_4)
FNDA:0,(anonymous_5)
FNDA:0,(anonymous_6)
FNDA:1,initQueue
FNDA:0,(anonymous_8)
FNDA:1,(anonymous_9)
FNDA:0,getKeyBySocketId
FNDA:0,serverState
FNDA:0,getServerLoadPercent
FNDA:0,sendStats
FNDA:0,onSocketConnection
FNDA:0,(anonymous_15)
FNDA:0,(anonymous_16)
FNDA:0,(anonymous_17)
FNDA:0,(anonymous_18)
FNDA:0,(anonymous_19)
FNDA:0,submitQueueEvents
FNDA:0,(anonymous_21)
FNDA:0,(anonymous_22)
FNDA:0,(anonymous_23)
FNDA:0,(anonymous_24)
FNDA:0,log
FNDA:0,socketSend
FNDA:1,initExpress
FNDA:0,(anonymous_28)
FNDA:0,(anonymous_29)
FNDA:0,(anonymous_30)
DA:11,1
DA:17,1
DA:23,1
DA:24,1
DA:25,1
DA:27,1
DA:36,1
DA:37,1
DA:39,1
DA:40,0
DA:41,0
DA:43,1
DA:45,1
DA:49,1
DA:50,1
DA:51,1
DA:56,1
DA:57,1
DA:59,1
DA:60,1
DA:63,1
DA:64,1
DA:65,1
DA:66,1
DA:67,1
DA:69,1
DA:70,1
DA:71,1
DA:74,1
DA:80,0
DA:81,0
DA:82,0
DA:84,0
DA:85,0
DA:86,0
DA:89,0
DA:90,0
DA:94,0
DA:95,0
DA:96,0
DA:97,0
DA:98,0
DA:99,0
DA:100,0
DA:102,0
DA:103,0
DA:104,0
DA:105,0
DA:106,0
DA:107,0
DA:108,0
DA:109,0
DA:110,0
DA:111,0
DA:112,0
DA:113,0
DA:115,0
DA:116,0
DA:117,0
DA:118,0
DA:119,0
DA:120,0
DA:121,0
DA:122,0
DA:123,0
DA:124,0
DA:125,0
DA:127,0
DA:128,0
DA:129,0
DA:131,0
DA:132,0
DA:135,0
DA:137,0
DA:141,0
DA:142,0
DA:143,0
DA:144,0
DA:146,0
DA:150,0
DA:153,0
DA:156,0
DA:157,0
DA:159,0
DA:160,0
DA:163,0
DA:164,0
DA:168,0
DA:170,0
DA:171,0
DA:174,0
DA:175,0
DA:176,0
DA:180,0
DA:182,0
DA:187,1
DA:191,1
DA:192,0
DA:194,1
DA:195,1
DA:196,1
DA:201,0
DA:202,0
DA:203,0
DA:208,0
DA:211,0
DA:214,0
DA:215,0
DA:216,0
DA:217,0
DA:220,0
DA:238,0
DA:239,0
DA:244,0
DA:245,0
DA:246,0
DA:249,0
DA:253,0
DA:254,0
DA:256,0
DA:258,0
DA:260,0
DA:261,0
DA:264,0
DA:265,0
DA:270,0
DA:273,0
DA:274,0
DA:277,0
DA:278,0
DA:280,0
DA:281,0
DA:282,0
DA:283,0
DA:287,0
DA:290,0
DA:291,0
DA:294,0
DA:295,0
DA:296,0
DA:297,0
DA:300,0
DA:301,0
DA:302,0
DA:303,0
DA:308,0
DA:310,0
DA:311,0
DA:313,0
DA:314,0
DA:315,0
DA:317,0
DA:318,0
DA:319,0
DA:321,0
DA:322,0
DA:323,0
DA:328,0
DA:329,0
DA:331,0
DA:332,0
DA:336,0
DA:339,0
DA:345,1
DA:346,0
DA:347,0
DA:351,0
DA:354,1
DA:355,1
DA:357,1
DA:359,1
DA:360,0
DA:363,1
DA:364,1
DA:365,0
LF:175
LH:39
BRDA:36,0,0,1
BRDA:36,0,1,1
BRDA:57,1,0,0
BRDA:57,1,1,1
BRDA:80,2,0,0
BRDA:80,2,1,0
BRDA:84,3,0,0
BRDA:84,3,1,0
BRDA:125,4,0,0
BRDA:125,4,1,0
BRDA:150,5,0,0
BRDA:150,5,1,0
BRDA:156,6,0,0
BRDA:156,6,1,0
BRDA:170,7,0,0
BRDA:170,7,1,0
BRDA:170,8,0,0
BRDA:170,8,1,0
BRDA:175,9,0,0
BRDA:175,9,1,0
BRDA:176,10,0,0
BRDA:176,10,1,0
BRDA:195,11,0,0
BRDA:195,11,1,1
BRDA:203,12,0,0
BRDA:203,12,1,0
BRDA:203,13,0,0
BRDA:203,13,1,0
BRDA:216,14,0,0
BRDA:216,14,1,0
BRDA:221,15,0,0
BRDA:221,15,1,0
BRDA:227,16,0,0
BRDA:227,16,1,0
BRDA:228,17,0,0
BRDA:228,17,1,0
BRDA:238,18,0,0
BRDA:238,18,1,0
BRDA:265,19,0,0
BRDA:265,19,1,0
BRDA:265,20,0,0
BRDA:265,20,1,0
BRDA:270,21,0,0
BRDA:270,21,1,0
BRDA:270,22,0,0
BRDA:270,22,1,0
BRDA:277,23,0,0
BRDA:277,23,1,0
BRDA:280,24,0,0
BRDA:280,24,1,0
BRDA:297,25,0,0
BRDA:297,25,1,0
BRDA:327,26,0,0
BRDA:328,27,0,0
BRDA:328,27,1,0
BRDA:336,28,0,0
BRDA:336,28,1,0
BRDA:339,29,0,0
BRDA:339,29,1,0
BRDA:363,30,0,1
BRDA:363,30,1,1
BRF:61
BRH:6
end_of_record
TN:
SF:src/utils.js
FN:7,(anonymous_0)
FN:22,(anonymous_1)
FN:30,(anonymous_2)
FNF:3
FNH:3
FNDA:11,(anonymous_0)
FNDA:1,(anonymous_1)
FNDA:5,(anonymous_2)
DA:5,7
DA:7,7
DA:8,11
DA:9,11
DA:10,11
DA:11,11
DA:15,11
DA:17,11
DA:18,11
DA:19,11
DA:22,7
DA:23,1
DA:24,1
DA:25,0
DA:26,0
DA:30,7
DA:32,5
DA:33,2
DA:34,2
DA:35,2
DA:38,5
LF:21
LH:19
BRDA:7,0,0,2
BRDA:9,1,0,11
BRDA:9,1,1,2
BRDA:15,2,0,5
BRDA:15,2,1,6
BRDA:24,3,0,0
BRDA:24,3,1,1
BRDA:30,4,0,1
BRDA:30,5,0,2
BRDA:32,6,0,2
BRDA:32,6,1,3
BRDA:35,7,0,0
BRDA:35,7,1,2
BRF:13
BRH:11
end_of_record
TN:
SF:src/validate.js
FN:4,(anonymous_0)
FN:5,(anonymous_1)
FN:6,(anonymous_2)
FN:9,(anonymous_3)
FN:11,(anonymous_4)
FN:12,(anonymous_5)
FN:15,(anonymous_6)
FN:22,(anonymous_7)
FN:25,(anonymous_8)
FN:28,(anonymous_9)
FN:29,(anonymous_10)
FN:32,(anonymous_11)
FN:35,(anonymous_12)
FN:36,(anonymous_13)
FN:39,(anonymous_14)
FN:40,(anonymous_15)
FN:43,(anonymous_16)
FN:44,(anonymous_17)
FN:47,(anonymous_18)
FN:50,(anonymous_19)
FN:51,(anonymous_20)
FN:54,(anonymous_21)
FN:57,(anonymous_22)
FN:77,(anonymous_23)
FN:110,(anonymous_24)
FNF:25
FNH:13
FNDA:0,(anonymous_0)
FNDA:0,(anonymous_1)
FNDA:0,(anonymous_2)
FNDA:12,(anonymous_3)
FNDA:0,(anonymous_4)
FNDA:0,(anonymous_5)
FNDA:0,(anonymous_6)
FNDA:3,(anonymous_7)
FNDA:0,(anonymous_8)
FNDA:2,(anonymous_9)
FNDA:2,(anonymous_10)
FNDA:9,(anonymous_11)
FNDA:7,(anonymous_12)
FNDA:3,(anonymous_13)
FNDA:5,(anonymous_14)
FNDA:2,(anonymous_15)
FNDA:2,(anonymous_16)
FNDA:2,(anonymous_17)
FNDA:0,(anonymous_18)
FNDA:0,(anonymous_19)
FNDA:0,(anonymous_20)
FNDA:0,(anonymous_21)
FNDA:0,(anonymous_22)
FNDA:10,(anonymous_23)
FNDA:21,(anonymous_24)
DA:3,2
DA:4,0
DA:5,0
DA:6,0
DA:9,2
DA:10,12
DA:11,0
DA:12,0
DA:14,12
DA:15,12
DA:17,12
DA:20,2
DA:22,3
DA:25,0
DA:28,2
DA:29,2
DA:32,9
DA:35,7
DA:36,3
DA:39,5
DA:40,2
DA:43,2
DA:44,2
DA:47,0
DA:50,0
DA:51,0
DA:54,0
DA:57,0
DA:75,2
DA:77,2
DA:78,10
DA:79,10
DA:81,14
DA:82,14
DA:83,14
DA:87,14
DA:89,13
DA:90,18
DA:91,18
DA:93,13
DA:94,13
DA:96,10
DA:97,10
DA:99,10
DA:101,10
DA:102,10
DA:104,10
DA:107,10
DA:110,21
LF:49
LH:38
BRDA:9,0,0,12
BRDA:14,1,0,12
BRDA:14,1,1,0
BRDA:25,2,0,0
BRDA:25,2,1,0
BRDA:87,3,0,1
BRDA:87,3,1,13
BRDA:91,4,0,5
BRDA:91,4,1,13
BRDA:94,5,0,3
BRDA:94,5,1,10
BRDA:97,6,0,5
BRDA:97,6,1,5
BRDA:101,7,0,9
BRDA:101,7,1,1
BRF:15
BRH:12
end_of_record
TN:
SF:src/actions/copyJsonToReports.js
FN:6,(anonymous_0)
FNF:1
FNH:0
FNDA:0,(anonymous_0)
DA:4,5
DA:7,0
DA:10,0
DA:11,0
DA:13,0
DA:16,0
DA:17,0
DA:19,0
LF:8
LH:1
BRDA:6,0,0,0
BRDA:6,1,0,0
BRDA:6,2,0,0
BRDA:13,3,0,0
BRDA:13,3,1,0
BRDA:13,4,0,0
BRDA:13,4,1,0
BRF:7
BRH:0
end_of_record
TN:
SF:src/actions/index.js
FNF:0
FNH:0
LF:0
LH:0
BRF:0
BRH:0
end_of_record
TN:
SF:src/actions/saveAsJson.js
FN:11,(anonymous_0)
FN:28,(anonymous_1)
FN:69,filterItems
FN:70,(anonymous_3)
FN:71,(anonymous_4)
FN:103,flattenItems
FN:128,(anonymous_6)
FN:143,buildFields
FN:168,(anonymous_8)
FN:186,buildColumns
FNF:10
FNH:0
FNDA:0,(anonymous_0)
FNDA:0,(anonymous_1)
FNDA:0,filterItems
FNDA:0,(anonymous_3)
FNDA:0,(anonymous_4)
FNDA:0,flattenItems
FNDA:0,(anonymous_6)
FNDA:0,buildFields
FNDA:0,(anonymous_8)
FNDA:0,buildColumns
DA:9,5
DA:13,0
DA:16,0
DA:17,0
DA:18,0
DA:19,0
DA:23,0
DA:26,0
DA:27,0
DA:28,0
DA:29,0
DA:31,0
DA:40,0
DA:42,0
DA:43,0
DA:44,0
DA:46,0
DA:57,0
DA:60,0
DA:61,0
DA:63,0
DA:64,0
DA:66,0
DA:70,0
DA:71,0
DA:72,0
DA:74,0
DA:77,0
DA:78,0
DA:79,0
DA:82,0
DA:89,0
DA:105,0
DA:106,0
DA:107,0
DA:108,0
DA:109,0
DA:111,0
DA:112,0
DA:113,0
DA:114,0
DA:117,0
DA:120,0
DA:123,0
DA:127,0
DA:128,0
DA:129,0
DA:130,0
DA:131,0
DA:136,0
DA:140,0
DA:145,0
DA:146,0
DA:147,0
DA:148,0
DA:149,0
DA:150,0
DA:151,0
DA:152,0
DA:158,0
DA:159,0
DA:161,0
DA:163,0
DA:165,0
DA:167,0
DA:168,0
DA:169,0
DA:172,0
DA:173,0
DA:177,0
DA:178,0
DA:179,0
DA:183,0
DA:187,0
DA:188,0
DA:189,0
DA:190,0
DA:193,0
LF:78
LH:1
BRDA:11,0,0,0
BRDA:11,1,0,0
BRDA:11,2,0,0
BRDA:18,3,0,0
BRDA:18,3,1,0
BRDA:27,4,0,0
BRDA:27,4,1,0
BRDA:29,5,0,0
BRDA:29,5,1,0
BRDA:63,6,0,0
BRDA:63,6,1,0
BRDA:72,7,0,0
BRDA:72,7,1,0
BRDA:77,8,0,0
BRDA:77,8,1,0
BRDA:78,9,0,0
BRDA:78,9,1,0
BRDA:79,10,0,0
BRDA:79,10,1,0
BRDA:108,11,0,0
BRDA:108,11,1,0
BRDA:111,12,0,0
BRDA:111,12,1,0
BRDA:117,13,0,0
BRDA:117,13,1,0
BRDA:129,14,0,0
BRDA:129,14,1,0
BRDA:130,15,0,0
BRDA:130,15,1,0
BRDA:130,16,0,0
BRDA:130,16,1,0
BRDA:145,17,0,0
BRDA:145,17,1,0
BRDA:150,18,0,0
BRDA:150,18,1,0
BRDA:161,19,0,0
BRDA:161,19,1,0
BRDA:163,20,0,0
BRDA:163,20,1,0
BRDA:163,20,2,0
BRDA:165,21,0,0
BRDA:165,21,1,0
BRDA:169,22,0,0
BRDA:169,22,1,0
BRDA:178,23,0,0
BRDA:178,23,1,0
BRDA:189,24,0,0
BRDA:189,24,1,0
BRDA:189,25,0,0
BRDA:189,25,1,0
BRF:50
BRH:0
end_of_record
TN:
SF:src/actions/startViewer.js
FN:5,(anonymous_0)
FN:14,(anonymous_1)
FN:18,(anonymous_2)
FN:24,(anonymous_3)
FN:29,onlineViewLink
FN:34,outLinks
FN:48,(anonymous_6)
FNF:7
FNH:0
FNDA:0,(anonymous_0)
FNDA:0,(anonymous_1)
FNDA:0,(anonymous_2)
FNDA:0,(anonymous_3)
FNDA:0,onlineViewLink
FNDA:0,outLinks
FNDA:0,(anonymous_6)
DA:6,0
DA:7,0
DA:9,0
DA:10,0
DA:12,0
DA:14,0
DA:15,0
DA:18,0
DA:19,0
DA:20,0
DA:22,0
DA:24,0
DA:25,0
DA:26,0
DA:30,0
DA:31,0
DA:39,0
DA:40,0
DA:42,0
DA:45,0
DA:47,0
DA:48,0
DA:49,0
DA:50,0
LF:24
LH:0
BRDA:5,0,0,0
BRDA:9,1,0,0
BRDA:9,1,1,0
BRDA:12,2,0,0
BRDA:12,2,1,0
BRDA:30,3,0,0
BRDA:30,3,1,0
BRDA:47,4,0,0
BRDA:47,4,1,0
BRF:9
BRH:0
end_of_record
TN:
SF:src/actions/uploadJson.js
FN:6,(anonymous_0)
FN:45,uploadToCloud
FNF:2
FNH:0
FNDA:0,(anonymous_0)
FNDA:0,uploadToCloud
DA:7,0
DA:9,0
DA:11,0
DA:12,0
DA:13,0
DA:17,0
DA:18,0
DA:19,0
DA:25,0
DA:26,0
DA:27,0
DA:30,0
DA:33,0
DA:34,0
DA:35,0
DA:37,0
DA:38,0
DA:42,0
DA:46,0
DA:47,0
DA:49,0
DA:50,0
DA:52,0
DA:53,0
DA:55,0
DA:66,0
DA:67,0
DA:68,0
DA:71,0
LF:29
LH:0
BRDA:11,0,0,0
BRDA:11,0,1,0
BRDA:12,1,0,0
BRDA:12,1,1,0
BRDA:13,2,0,0
BRDA:13,2,1,0
BRDA:17,3,0,0
BRDA:17,3,1,0
BRDA:25,4,0,0
BRDA:25,4,1,0
BRDA:25,5,0,0
BRDA:25,5,1,0
BRDA:47,6,0,0
BRDA:47,6,1,0
BRDA:52,7,0,0
BRDA:52,7,1,0
BRDA:53,8,0,0
BRDA:53,8,1,0
BRDA:66,9,0,0
BRDA:66,9,1,0
BRDA:66,10,0,0
BRDA:66,10,1,0
BRF:22
BRH:0
end_of_record
TN:
SF:src/plugins/site-audit-seo-export-influxdb/sendToInfluxDB.js
FN:6,init
FN:19,getPoint
FN:41,buildSchemaByFields
FN:58,sendToInfluxDB
FNF:4
FNH:0
FNDA:0,init
FNDA:0,getPoint
FNDA:0,buildSchemaByFields
FNDA:0,sendToInfluxDB
DA:7,0
DA:16,0
DA:20,0
DA:30,0
DA:31,0
DA:32,0
DA:33,0
DA:38,0
DA:42,0
DA:43,0
DA:47,0
DA:48,0
DA:50,0
DA:51,0
DA:55,0
DA:60,0
DA:61,0
DA:63,0
DA:67,0
DA:68,0
DA:70,0
DA:71,0
DA:72,0
DA:73,0
DA:76,0
DA:77,0
DA:78,0
DA:79,0
DA:81,0
DA:82,0
DA:84,0
DA:85,0
DA:91,0
DA:93,0
DA:94,0
LF:35
LH:0
BRDA:32,0,0,0
BRDA:32,0,1,0
BRDA:32,1,0,0
BRDA:32,1,1,0
BRDA:47,2,0,0
BRDA:47,2,1,0
BRDA:50,3,0,0
BRDA:50,3,1,0
BRDA:60,4,0,0
BRDA:60,4,1,0
BRDA:60,5,0,0
BRDA:60,5,1,0
BRDA:70,6,0,0
BRDA:70,6,1,0
BRDA:76,7,0,0
BRDA:76,7,1,0
BRDA:85,8,0,0
BRDA:85,8,1,0
BRF:18
BRH:0
end_of_record
TN:
SF:src/presets/columns.js
FNF:0
FNH:0
LF:0
LH:0
BRF:0
BRH:0
end_of_record
TN:
SF:src/presets/fields-lighthouse-en.js
FNF:0
FNH:0
DA:1,8
LF:1
LH:1
BRF:0
BRH:0
end_of_record
TN:
SF:src/presets/fields-lighthouse.js
FNF:0
FNH:0
DA:1,8
LF:1
LH:1
BRF:0
BRH:0
end_of_record
TN:
SF:src/presets/fields.js
FN:472,getFieldByName
FN:479,(anonymous_1)
FN:499,(anonymous_2)
FN:505,(anonymous_3)
FNF:4
FNH:3
FNDA:0,getFieldByName
FNDA:39600,(anonymous_1)
FNDA:107964,(anonymous_2)
FNDA:67320,(anonymous_3)
DA:5,6
DA:473,0
DA:477,6
DA:478,294
DA:479,39600
DA:480,294
DA:481,36
DA:482,108
DA:484,36
DA:487,294
DA:488,162
DA:489,30
DA:498,6
DA:499,107964
DA:500,858
DA:505,67320
DA:506,858
DA:507,858
DA:508,858
DA:509,858
DA:512,858
DA:516,6
DA:517,6
DA:518,6
DA:519,0
DA:520,0
DA:525,0
LF:27
LH:23
BRDA:473,0,0,0
BRDA:473,0,1,0
BRDA:480,1,0,36
BRDA:480,1,1,258
BRDA:482,2,0,72
BRDA:482,2,1,36
BRDA:482,3,0,108
BRDA:482,3,1,72
BRDA:487,4,0,162
BRDA:487,4,1,132
BRDA:488,5,0,30
BRDA:488,5,1,132
BRDA:499,6,0,60
BRDA:499,6,1,858
BRDA:506,7,0,858
BRDA:506,7,1,0
BRDA:518,8,0,0
BRDA:518,8,1,6
BRDA:519,9,0,0
BRDA:519,9,1,0
BRF:20
BRH:14
end_of_record
TN:
SF:src/presets/filters.js
FNF:0
FNH:0
LF:0
LH:0
BRF:0
BRH:0
end_of_record
TN:
SF:src/presets/scraperFields.js
FNF:0
FNH:0
LF:0
LH:0
BRF:0
BRH:0
end_of_record
